<?xml version="1.0" encoding="UTF-8" ?>
<testsuite failures="0" time="1.956" errors="0" skipped="0" tests="3" name="be.nmine.sweetycup.dao.ArticleDaoImplTest">
  <properties>
[...]
</properties>
  <testcase time="1.699" classname="be.nmine.sweetycup.dao.ArticleDaoImplTest" name="testFind"/>
  <testcase time="0" classname="be.nmine.sweetycup.dao.ArticleDaoImplTest" name="testSave"/>
  <testcase time="0.004" classname="be.nmine.sweetycup.dao.ArticleDaoImplTest" name="testFindArticles"/>
</testsuite>